Using pre-set license
Built from '2020.3/staging' branch; Version is '2020.3.5f1 (8095aa901b9b) revision 8426922'; Using compiler version '192528614'; Build Type 'Release'
OS: 'Windows 10 Home; OS build 19042.1288; Version 2009; 64bit' Language: 'ru' Physical Memory: 16334 MB
BatchMode: 1, IsHumanControllingUs: 0, StartBugReporterOnCrash: 0, Is64bit: 1, IsPro: 0

 COMMAND LINE ARGUMENTS:
C:\Program Files\Unity\Hub\Editor\2020.3.5f1\Editor\Unity.exe
-adb2
-batchMode
-noUpm
-name
AssetImportWorker0
-projectPath
D:/Program Files/Unity Projects/NONSENSE
-logFile
Logs/AssetImportWorker0.log
-srvPort
54012
Successfully changed project path to: D:/Program Files/Unity Projects/NONSENSE
D:/Program Files/Unity Projects/NONSENSE
Using Asset Import Pipeline V2.
Refreshing native plugins compatible for Editor in 74.41 ms, found 12 plugins.
Preloading 2 native plugins for Editor in 1.14 ms.
Initialize engine version: 2020.3.5f1 (8095aa901b9b)
[Subsystems] Discovering subsystems at path C:/Program Files/Unity/Hub/Editor/2020.3.5f1/Editor/Data/Resources/UnitySubsystems
[Subsystems] Discovering subsystems at path D:/Program Files/Unity Projects/NONSENSE/Assets
GfxDevice: creating device client; threaded=0
Direct3D:
    Version:  Direct3D 11.0 [level 11.1]
    Renderer: NVIDIA GeForce GTX 1060 6GB (ID=0x1c03)
    Vendor:   
    VRAM:     6052 MB
    Driver:   30.0.14.7196
Shader 'Universal Render Pipeline/Particles/Lit': fallback shader 'Universal Render Pipeline/Particles/SimpleLit' not found
Initialize mono
Mono path[0] = 'C:/Program Files/Unity/Hub/Editor/2020.3.5f1/Editor/Data/Managed'
Mono path[1] = 'C:/Program Files/Unity/Hub/Editor/2020.3.5f1/Editor/Data/MonoBleedingEdge/lib/mono/unityjit'
Mono config path = 'C:/Program Files/Unity/Hub/Editor/2020.3.5f1/Editor/Data/MonoBleedingEdge/etc'
Using monoOptions --debugger-agent=transport=dt_socket,embedding=1,server=y,suspend=n,address=127.0.0.1:56676
Begin MonoManager ReloadAssembly
Registering precompiled unity dll's ...
Register platform support module: C:/Program Files/Unity/Hub/Editor/2020.3.5f1/Editor/Data/PlaybackEngines/WindowsStandaloneSupport/UnityEditor.WindowsStandalone.Extensions.dll
Registered in 0.001284 seconds.
Native extension for WindowsStandalone target not found
Refreshing native plugins compatible for Editor in 69.88 ms, found 12 plugins.
Preloading 2 native plugins for Editor in 0.09 ms.
Mono: successfully reloaded assembly
- Completed reload, in  0.796 seconds
Platform modules already initialized, skipping
Registering precompiled user dll's ...
Registered in 0.003943 seconds.
Begin MonoManager ReloadAssembly
Native extension for WindowsStandalone target not found
Refreshing native plugins compatible for Editor in 74.94 ms, found 12 plugins.
Preloading 2 native plugins for Editor in 0.09 ms.
[XR] OculusXRPlugin: registering subsystems
[XR] Unable to register display lifecyle provider: [1]
[XR] Oculus Input lifecycle provider registered.
[XR] Unable to register input lifecyle provider: [1]
NullReferenceException: Object reference not set to an instance of an object
  at Unity.XR.Oculus.OculusLoader.AssetPathToAbsolutePath (System.String assetPath) [0x00048] in D:\Program Files\Unity Projects\NONSENSE\Library\PackageCache\com.unity.xr.oculus@1.9.0\Runtime\OculusLoader.cs:249 
  at Unity.XR.Oculus.OculusLoader.EditorLoadOVRPlugin () [0x0007b] in D:\Program Files\Unity Projects\NONSENSE\Library\PackageCache\com.unity.xr.oculus@1.9.0\Runtime\OculusLoader.cs:234 

(Filename: Library/PackageCache/com.unity.xr.oculus@1.9.0/Runtime/OculusLoader.cs Line: 249)

Mono: successfully reloaded assembly
- Completed reload, in  0.970 seconds
Platform modules already initialized, skipping
========================================================================
Worker process is ready to serve import requests
Shader 'Universal Render Pipeline/Particles/Lit': fallback shader 'Universal Render Pipeline/Particles/SimpleLit' not found
Launched and connected shader compiler UnityShaderCompiler.exe after 0.03 seconds
Refreshing native plugins compatible for Editor in 1.64 ms, found 12 plugins.
Preloading 2 native plugins for Editor in 0.10 ms.
Unloading 4151 Unused Serialized files (Serialized files now loaded: 0)
System memory in use before: 218.5 MB.
System memory in use after: 218.7 MB.

Unloading 15 unused Assets to reduce memory usage. Loaded Objects now: 4609.
Total: 2.431700 ms (FindLiveObjects: 0.386800 ms CreateObjectMapping: 0.105800 ms MarkObjects: 1.857400 ms  DeleteObjects: 0.080900 ms)

========================================================================
Received Import Request.
  path: Assets/Effects/Abilities/Grenade/VFX_AbilityGrenadeExplosion.vfx
  artifactKey: Guid(ac927ab54a104a040b589425716d309d) Importer(815301076,1909f56bfc062723c751e8b465ee728b)
Start importing Assets/Effects/Abilities/Grenade/VFX_AbilityGrenadeExplosion.vfx using Guid(ac927ab54a104a040b589425716d309d) Importer(815301076,1909f56bfc062723c751e8b465ee728b)  -> (artifact id: '7cc145405c0612f2b64a793c6d9ff65f') in 0.032348 seconds
  Import took 0.038339 seconds .

========================================================================
Received Import Request.
  Time since last request: 136.009691 seconds.
  path: Assets/Effects/Abilities/Grenade/VFX_AbilityGrenadeExplosion.vfx
  artifactKey: Guid(ac927ab54a104a040b589425716d309d) Importer(815301076,1909f56bfc062723c751e8b465ee728b)
Start importing Assets/Effects/Abilities/Grenade/VFX_AbilityGrenadeExplosion.vfx using Guid(ac927ab54a104a040b589425716d309d) Importer(815301076,1909f56bfc062723c751e8b465ee728b)  -> (artifact id: '0919a4d4950f81e04a1848501d4622f9') in 0.004385 seconds
  Import took 0.010357 seconds .

========================================================================
Received Import Request.
  Time since last request: 3.158233 seconds.
  path: Assets/Effects/Abilities/Grenade/VFX_AbilityGrenadeExplosion.vfx
  artifactKey: Guid(ac927ab54a104a040b589425716d309d) Importer(815301076,1909f56bfc062723c751e8b465ee728b)
Start importing Assets/Effects/Abilities/Grenade/VFX_AbilityGrenadeExplosion.vfx using Guid(ac927ab54a104a040b589425716d309d) Importer(815301076,1909f56bfc062723c751e8b465ee728b)  -> (artifact id: '63007ec05223cad3dab6b470b46c86cd') in 0.004657 seconds
  Import took 0.011385 seconds .

========================================================================
Received Prepare
Registering precompiled user dll's ...
Registered in 0.004970 seconds.
Begin MonoManager ReloadAssembly
Native extension for WindowsStandalone target not found
Refreshing native plugins compatible for Editor in 1.02 ms, found 12 plugins.
Preloading 2 native plugins for Editor in 0.08 ms.
NullReferenceException: Object reference not set to an instance of an object
  at Unity.XR.Oculus.OculusLoader.AssetPathToAbsolutePath (System.String assetPath) [0x00048] in D:\Program Files\Unity Projects\NONSENSE\Library\PackageCache\com.unity.xr.oculus@1.9.0\Runtime\OculusLoader.cs:249 
  at Unity.XR.Oculus.OculusLoader.EditorLoadOVRPlugin () [0x0007b] in D:\Program Files\Unity Projects\NONSENSE\Library\PackageCache\com.unity.xr.oculus@1.9.0\Runtime\OculusLoader.cs:234 

(Filename: Library/PackageCache/com.unity.xr.oculus@1.9.0/Runtime/OculusLoader.cs Line: 249)

Mono: successfully reloaded assembly
- Completed reload, in  0.844 seconds
Platform modules already initialized, skipping
Shader 'Universal Render Pipeline/Particles/Lit': fallback shader 'Universal Render Pipeline/Particles/SimpleLit' not found
Refreshing native plugins compatible for Editor in 1.05 ms, found 12 plugins.
Preloading 2 native plugins for Editor in 0.08 ms.
Unloading 3929 Unused Serialized files (Serialized files now loaded: 0)
System memory in use before: 202.8 MB.
System memory in use after: 203.1 MB.

Unloading 10 unused Assets to reduce memory usage. Loaded Objects now: 4613.
Total: 2.684700 ms (FindLiveObjects: 0.432400 ms CreateObjectMapping: 0.098000 ms MarkObjects: 2.135000 ms  DeleteObjects: 0.017400 ms)

========================================================================
Received Import Request.
  Time since last request: 2523.371473 seconds.
  path: Assets/Audio/Sounds
  artifactKey: Guid(0fe517df53c384d45ad7a588f0a37d2b) Importer(815301076,1909f56bfc062723c751e8b465ee728b)
Start importing Assets/Audio/Sounds using Guid(0fe517df53c384d45ad7a588f0a37d2b) Importer(815301076,1909f56bfc062723c751e8b465ee728b)  -> (artifact id: 'd643571dce73869d30fac4b1b385e3a8') in 0.011862 seconds
  Import took 0.017882 seconds .

========================================================================
Received Import Request.
  Time since last request: 1.858687 seconds.
  path: Assets/Audio/Sounds/Weapons
  artifactKey: Guid(d66763c2add54df4c98d0523cea64b80) Importer(815301076,1909f56bfc062723c751e8b465ee728b)
Start importing Assets/Audio/Sounds/Weapons using Guid(d66763c2add54df4c98d0523cea64b80) Importer(815301076,1909f56bfc062723c751e8b465ee728b)  -> (artifact id: '2effc828d6e248e7800be06947e2ce50') in 0.006495 seconds
  Import took 0.011909 seconds .

========================================================================
Received Import Request.
  Time since last request: 3.630914 seconds.
  path: Assets/Audio/Sounds/Weapons/Handgun
  artifactKey: Guid(9dd2dff922fad5d4785314a44f98950c) Importer(815301076,1909f56bfc062723c751e8b465ee728b)
Start importing Assets/Audio/Sounds/Weapons/Handgun using Guid(9dd2dff922fad5d4785314a44f98950c) Importer(815301076,1909f56bfc062723c751e8b465ee728b)  -> (artifact id: 'a97eb007b2e7769fcd3bff2d9810cc95') in 0.006536 seconds
  Import took 0.011795 seconds .

========================================================================
Received Import Request.
  Time since last request: 0.896077 seconds.
  path: Assets/Audio/Sounds/Weapons/Handgun/handgun_shot.mp3
  artifactKey: Guid(b148d136d53a15245a47d02a3e9b804a) Importer(815301076,1909f56bfc062723c751e8b465ee728b)
Start importing Assets/Audio/Sounds/Weapons/Handgun/handgun_shot.mp3 using Guid(b148d136d53a15245a47d02a3e9b804a) Importer(815301076,1909f56bfc062723c751e8b465ee728b)  -> (artifact id: 'ce0a0985b0fee77bcbdc2927a12d17cd') in 0.354850 seconds
  Import took 0.360425 seconds .

========================================================================
Received Import Request.
  Time since last request: 13.507731 seconds.
  path: Assets/Audio/Sounds/Weapons/Shotgun/shotgun_fire.mp3
  artifactKey: Guid(7f3d3c154b3d410438ce2b3f353d28b5) Importer(815301076,1909f56bfc062723c751e8b465ee728b)
Start importing Assets/Audio/Sounds/Weapons/Shotgun/shotgun_fire.mp3 using Guid(7f3d3c154b3d410438ce2b3f353d28b5) Importer(815301076,1909f56bfc062723c751e8b465ee728b)  -> (artifact id: '0773854cd6e109f2b5a0fa96bfba9641') in 0.011463 seconds
  Import took 0.016798 seconds .

========================================================================
Received Import Request.
  Time since last request: 0.000390 seconds.
  path: Assets/Audio/Sounds/Weapons/Shotgun/shotgun_fire.mp3
  artifactKey: Guid(7f3d3c154b3d410438ce2b3f353d28b5) Importer(815301076,1909f56bfc062723c751e8b465ee728b)
Start importing Assets/Audio/Sounds/Weapons/Shotgun/shotgun_fire.mp3 using Guid(7f3d3c154b3d410438ce2b3f353d28b5) Importer(815301076,1909f56bfc062723c751e8b465ee728b)  -> (artifact id: '0773854cd6e109f2b5a0fa96bfba9641') in 0.005298 seconds
  Import took 0.010158 seconds .

========================================================================
Received Import Request.
  Time since last request: 0.778474 seconds.
  path: Assets/Audio/Sounds/Weapons/Shotgun/shotgun_fire2.mp3
  artifactKey: Guid(216a8240fddcd9c47a68387898280fd5) Importer(815301076,1909f56bfc062723c751e8b465ee728b)
Start importing Assets/Audio/Sounds/Weapons/Shotgun/shotgun_fire2.mp3 using Guid(216a8240fddcd9c47a68387898280fd5) Importer(815301076,1909f56bfc062723c751e8b465ee728b)  -> (artifact id: '9e292b2cbba7953dda1981e9867561ca') in 0.011381 seconds
  Import took 0.016899 seconds .

========================================================================
Received Import Request.
  Time since last request: 0.428568 seconds.
  path: Assets/Audio/Sounds/Weapons/Shotgun/shotgun_lever2.mp3
  artifactKey: Guid(b60e30f8b2edd7342b65468545afa75c) Importer(815301076,1909f56bfc062723c751e8b465ee728b)
Start importing Assets/Audio/Sounds/Weapons/Shotgun/shotgun_lever2.mp3 using Guid(b60e30f8b2edd7342b65468545afa75c) Importer(815301076,1909f56bfc062723c751e8b465ee728b)  -> (artifact id: 'f5f29530aca33ca26d80723b2d080e39') in 0.013716 seconds
  Import took 0.019239 seconds .

========================================================================
Received Import Request.
  Time since last request: 2.604169 seconds.
  path: Assets/Audio/Sounds/Weapons/SMG/smg3_shot_single.mp3
  artifactKey: Guid(020fe65e0897fca4287224d0f475d3c1) Importer(815301076,1909f56bfc062723c751e8b465ee728b)
Start importing Assets/Audio/Sounds/Weapons/SMG/smg3_shot_single.mp3 using Guid(020fe65e0897fca4287224d0f475d3c1) Importer(815301076,1909f56bfc062723c751e8b465ee728b)  -> (artifact id: '27c74ca77a6717df492a9fe212aef339') in 0.010670 seconds
  Import took 0.016041 seconds .

========================================================================
Received Import Request.
  Time since last request: 0.498496 seconds.
  path: Assets/Audio/Sounds/Weapons/SMG/smg2_shot_single.mp3
  artifactKey: Guid(ccfa36d608d38e248b8d5c2aec1eb014) Importer(815301076,1909f56bfc062723c751e8b465ee728b)
Start importing Assets/Audio/Sounds/Weapons/SMG/smg2_shot_single.mp3 using Guid(ccfa36d608d38e248b8d5c2aec1eb014) Importer(815301076,1909f56bfc062723c751e8b465ee728b)  -> (artifact id: '94fdb60d5c2950d267e8e6778e8d3a19') in 0.011363 seconds
  Import took 0.016764 seconds .

========================================================================
Received Import Request.
  Time since last request: 0.001628 seconds.
  path: Assets/Audio/Sounds/Weapons/SMG/smg2_shot_single.mp3
  artifactKey: Guid(ccfa36d608d38e248b8d5c2aec1eb014) Importer(815301076,1909f56bfc062723c751e8b465ee728b)
Start importing Assets/Audio/Sounds/Weapons/SMG/smg2_shot_single.mp3 using Guid(ccfa36d608d38e248b8d5c2aec1eb014) Importer(815301076,1909f56bfc062723c751e8b465ee728b)  -> (artifact id: '94fdb60d5c2950d267e8e6778e8d3a19') in 0.005170 seconds
  Import took 0.010614 seconds .

========================================================================
Received Import Request.
  Time since last request: 2.542091 seconds.
  path: Assets/Audio/Sounds/Impact/sfx_impact_world.mp3
  artifactKey: Guid(e499c28bce64e78469a6ed940830d4cd) Importer(815301076,1909f56bfc062723c751e8b465ee728b)
Start importing Assets/Audio/Sounds/Impact/sfx_impact_world.mp3 using Guid(e499c28bce64e78469a6ed940830d4cd) Importer(815301076,1909f56bfc062723c751e8b465ee728b)  -> (artifact id: 'f0715675a6212e6a7518674b1e91d5c2') in 0.011874 seconds
  Import took 0.017247 seconds .

========================================================================
Received Import Request.
  Time since last request: 0.003061 seconds.
  path: Assets/Audio/Sounds/Impact/sfx_impact_world.mp3
  artifactKey: Guid(e499c28bce64e78469a6ed940830d4cd) Importer(815301076,1909f56bfc062723c751e8b465ee728b)
Start importing Assets/Audio/Sounds/Impact/sfx_impact_world.mp3 using Guid(e499c28bce64e78469a6ed940830d4cd) Importer(815301076,1909f56bfc062723c751e8b465ee728b)  -> (artifact id: 'f0715675a6212e6a7518674b1e91d5c2') in 0.004959 seconds
  Import took 0.010182 seconds .

========================================================================
Received Import Request.
  Time since last request: 309.313240 seconds.
  path: Assets/Audio/Sounds/Abilities
  artifactKey: Guid(01abc4cf64d26b644a857a81abee09cf) Importer(815301076,1909f56bfc062723c751e8b465ee728b)
Start importing Assets/Audio/Sounds/Abilities using Guid(01abc4cf64d26b644a857a81abee09cf) Importer(815301076,1909f56bfc062723c751e8b465ee728b)  -> (artifact id: '364fe04514908897b2ddf821bc6dc68d') in 0.004872 seconds
  Import took 0.010604 seconds .

========================================================================
Received Import Request.
  Time since last request: 16.111584 seconds.
  path: Assets/Audio/Sounds/Abilities/sfx_grenade_explosion.mp3
  artifactKey: Guid(4f68fadc656b6994489d8a341d70d103) Importer(815301076,1909f56bfc062723c751e8b465ee728b)
Start importing Assets/Audio/Sounds/Abilities/sfx_grenade_explosion.mp3 using Guid(4f68fadc656b6994489d8a341d70d103) Importer(815301076,1909f56bfc062723c751e8b465ee728b)  -> (artifact id: '52a990b0d68777e0423c39b0d0ac7d04') in 0.013049 seconds
  Import took 0.018561 seconds .

========================================================================
Received Prepare
Registering precompiled user dll's ...
Registered in 0.004273 seconds.
Begin MonoManager ReloadAssembly
Native extension for WindowsStandalone target not found
Refreshing native plugins compatible for Editor in 1.07 ms, found 12 plugins.
Preloading 2 native plugins for Editor in 0.08 ms.
NullReferenceException: Object reference not set to an instance of an object
  at Unity.XR.Oculus.OculusLoader.AssetPathToAbsolutePath (System.String assetPath) [0x00048] in D:\Program Files\Unity Projects\NONSENSE\Library\PackageCache\com.unity.xr.oculus@1.9.0\Runtime\OculusLoader.cs:249 
  at Unity.XR.Oculus.OculusLoader.EditorLoadOVRPlugin () [0x0007b] in D:\Program Files\Unity Projects\NONSENSE\Library\PackageCache\com.unity.xr.oculus@1.9.0\Runtime\OculusLoader.cs:234 

(Filename: Library/PackageCache/com.unity.xr.oculus@1.9.0/Runtime/OculusLoader.cs Line: 249)

Mono: successfully reloaded assembly
- Completed reload, in  0.918 seconds
Platform modules already initialized, skipping
Shader 'Universal Render Pipeline/Particles/Lit': fallback shader 'Universal Render Pipeline/Particles/SimpleLit' not found
Refreshing native plugins compatible for Editor in 1.10 ms, found 12 plugins.
Preloading 2 native plugins for Editor in 0.08 ms.
Unloading 3929 Unused Serialized files (Serialized files now loaded: 0)
System memory in use before: 205.9 MB.
System memory in use after: 206.2 MB.

Unloading 10 unused Assets to reduce memory usage. Loaded Objects now: 4626.
Total: 3.926800 ms (FindLiveObjects: 0.515300 ms CreateObjectMapping: 0.108000 ms MarkObjects: 3.276700 ms  DeleteObjects: 0.025000 ms)

========================================================================
Received Import Request.
  Time since last request: 662.614255 seconds.
  path: Assets/Prefabs/Entities/Projectiles/Projectile_Grenade.prefab
  artifactKey: Guid(0d99b5cc18494924e922b2658d5f4671) Importer(815301076,1909f56bfc062723c751e8b465ee728b)
Start importing Assets/Prefabs/Entities/Projectiles/Projectile_Grenade.prefab using Guid(0d99b5cc18494924e922b2658d5f4671) Importer(815301076,1909f56bfc062723c751e8b465ee728b)  -> (artifact id: '9bdf72a219e2219457480f57fc41c999') in 0.169261 seconds
  Import took 0.176028 seconds .

========================================================================
Received Prepare
Registering precompiled user dll's ...
Registered in 0.004129 seconds.
Begin MonoManager ReloadAssembly
Native extension for WindowsStandalone target not found
Refreshing native plugins compatible for Editor in 1.00 ms, found 12 plugins.
Preloading 2 native plugins for Editor in 0.08 ms.
NullReferenceException: Object reference not set to an instance of an object
  at Unity.XR.Oculus.OculusLoader.AssetPathToAbsolutePath (System.String assetPath) [0x00048] in D:\Program Files\Unity Projects\NONSENSE\Library\PackageCache\com.unity.xr.oculus@1.9.0\Runtime\OculusLoader.cs:249 
  at Unity.XR.Oculus.OculusLoader.EditorLoadOVRPlugin () [0x0007b] in D:\Program Files\Unity Projects\NONSENSE\Library\PackageCache\com.unity.xr.oculus@1.9.0\Runtime\OculusLoader.cs:234 

(Filename: Library/PackageCache/com.unity.xr.oculus@1.9.0/Runtime/OculusLoader.cs Line: 249)

Mono: successfully reloaded assembly
- Completed reload, in  0.947 seconds
Platform modules already initialized, skipping
Shader 'Universal Render Pipeline/Particles/Lit': fallback shader 'Universal Render Pipeline/Particles/SimpleLit' not found
Refreshing native plugins compatible for Editor in 1.03 ms, found 12 plugins.
Preloading 2 native plugins for Editor in 0.08 ms.
Unloading 3929 Unused Serialized files (Serialized files now loaded: 0)
System memory in use before: 208.3 MB.
System memory in use after: 208.5 MB.

Unloading 10 unused Assets to reduce memory usage. Loaded Objects now: 4672.
Total: 2.968300 ms (FindLiveObjects: 0.402100 ms CreateObjectMapping: 0.109900 ms MarkObjects: 2.436400 ms  DeleteObjects: 0.018500 ms)

========================================================================
Received Prepare
Registering precompiled user dll's ...
Registered in 0.004119 seconds.
Begin MonoManager ReloadAssembly
Native extension for WindowsStandalone target not found
Refreshing native plugins compatible for Editor in 1.18 ms, found 12 plugins.
Preloading 2 native plugins for Editor in 0.09 ms.
NullReferenceException: Object reference not set to an instance of an object
  at Unity.XR.Oculus.OculusLoader.AssetPathToAbsolutePath (System.String assetPath) [0x00048] in D:\Program Files\Unity Projects\NONSENSE\Library\PackageCache\com.unity.xr.oculus@1.9.0\Runtime\OculusLoader.cs:249 
  at Unity.XR.Oculus.OculusLoader.EditorLoadOVRPlugin () [0x0007b] in D:\Program Files\Unity Projects\NONSENSE\Library\PackageCache\com.unity.xr.oculus@1.9.0\Runtime\OculusLoader.cs:234 

(Filename: Library/PackageCache/com.unity.xr.oculus@1.9.0/Runtime/OculusLoader.cs Line: 249)

Mono: successfully reloaded assembly
- Completed reload, in  0.951 seconds
Platform modules already initialized, skipping
Shader 'Universal Render Pipeline/Particles/Lit': fallback shader 'Universal Render Pipeline/Particles/SimpleLit' not found
Refreshing native plugins compatible for Editor in 1.07 ms, found 12 plugins.
Preloading 2 native plugins for Editor in 0.08 ms.
Unloading 3929 Unused Serialized files (Serialized files now loaded: 0)
System memory in use before: 208.3 MB.
System memory in use after: 208.5 MB.

Unloading 10 unused Assets to reduce memory usage. Loaded Objects now: 4676.
Total: 3.234900 ms (FindLiveObjects: 0.427500 ms CreateObjectMapping: 0.104800 ms MarkObjects: 2.680600 ms  DeleteObjects: 0.020900 ms)

========================================================================
Received Import Request.
  Time since last request: 532.586909 seconds.
  path: Assets/Effects/Abilities/Grenade/VFX_AbilityGrenadeExplosion.vfx
  artifactKey: Guid(ac927ab54a104a040b589425716d309d) Importer(815301076,1909f56bfc062723c751e8b465ee728b)
Start importing Assets/Effects/Abilities/Grenade/VFX_AbilityGrenadeExplosion.vfx using Guid(ac927ab54a104a040b589425716d309d) Importer(815301076,1909f56bfc062723c751e8b465ee728b)  -> (artifact id: 'aba82e14e5a5277a0f5c20892ad652f6') in 0.016456 seconds
  Import took 0.022330 seconds .

========================================================================
Received Import Request.
  Time since last request: 0.023692 seconds.
  path: Assets/Effects/Abilities/Grenade/VFX_AbilityGrenadeExplosion.vfx
  artifactKey: Guid(ac927ab54a104a040b589425716d309d) Importer(815301076,1909f56bfc062723c751e8b465ee728b)
Start importing Assets/Effects/Abilities/Grenade/VFX_AbilityGrenadeExplosion.vfx using Guid(ac927ab54a104a040b589425716d309d) Importer(815301076,1909f56bfc062723c751e8b465ee728b)  -> (artifact id: 'aba82e14e5a5277a0f5c20892ad652f6') in 0.004209 seconds
  Import took 0.010174 seconds .

========================================================================
Received Import Request.
  Time since last request: 4.486305 seconds.
  path: Assets/Effects/Abilities/Grenade/VFX_AbilityGrenadeExplosion.vfx
  artifactKey: Guid(ac927ab54a104a040b589425716d309d) Importer(815301076,1909f56bfc062723c751e8b465ee728b)
Start importing Assets/Effects/Abilities/Grenade/VFX_AbilityGrenadeExplosion.vfx using Guid(ac927ab54a104a040b589425716d309d) Importer(815301076,1909f56bfc062723c751e8b465ee728b)  -> (artifact id: 'dfb088cbb0c7334d43e8a39f8f2df077') in 0.004335 seconds
  Import took 0.011109 seconds .

========================================================================
Received Import Request.
  Time since last request: 0.031657 seconds.
  path: Assets/Effects/Abilities/Grenade/VFX_AbilityGrenadeExplosion.vfx
  artifactKey: Guid(ac927ab54a104a040b589425716d309d) Importer(815301076,1909f56bfc062723c751e8b465ee728b)
Start importing Assets/Effects/Abilities/Grenade/VFX_AbilityGrenadeExplosion.vfx using Guid(ac927ab54a104a040b589425716d309d) Importer(815301076,1909f56bfc062723c751e8b465ee728b)  -> (artifact id: 'dfb088cbb0c7334d43e8a39f8f2df077') in 0.004537 seconds
  Import took 0.010512 seconds .

========================================================================
Received Prepare
Registering precompiled user dll's ...
Registered in 0.004347 seconds.
Begin MonoManager ReloadAssembly
Native extension for WindowsStandalone target not found
Refreshing native plugins compatible for Editor in 1.00 ms, found 12 plugins.
Preloading 2 native plugins for Editor in 0.15 ms.
NullReferenceException: Object reference not set to an instance of an object
  at Unity.XR.Oculus.OculusLoader.AssetPathToAbsolutePath (System.String assetPath) [0x00048] in D:\Program Files\Unity Projects\NONSENSE\Library\PackageCache\com.unity.xr.oculus@1.9.0\Runtime\OculusLoader.cs:249 
  at Unity.XR.Oculus.OculusLoader.EditorLoadOVRPlugin () [0x0007b] in D:\Program Files\Unity Projects\NONSENSE\Library\PackageCache\com.unity.xr.oculus@1.9.0\Runtime\OculusLoader.cs:234 

(Filename: Library/PackageCache/com.unity.xr.oculus@1.9.0/Runtime/OculusLoader.cs Line: 249)

Mono: successfully reloaded assembly
- Completed reload, in  0.887 seconds
Platform modules already initialized, skipping
Shader 'Universal Render Pipeline/Particles/Lit': fallback shader 'Universal Render Pipeline/Particles/SimpleLit' not found
Refreshing native plugins compatible for Editor in 1.11 ms, found 12 plugins.
Preloading 2 native plugins for Editor in 0.09 ms.
Unloading 3929 Unused Serialized files (Serialized files now loaded: 0)
System memory in use before: 208.3 MB.
System memory in use after: 208.5 MB.

Unloading 10 unused Assets to reduce memory usage. Loaded Objects now: 4680.
Total: 3.285500 ms (FindLiveObjects: 0.548600 ms CreateObjectMapping: 0.102700 ms MarkObjects: 2.615100 ms  DeleteObjects: 0.017700 ms)

========================================================================
Received Import Request.
  Time since last request: 217.066286 seconds.
  path: Assets/Effects/Abilities/Grenade/FX_GrenadeExplosion.prefab
  artifactKey: Guid(8efec0fa27fe42840b4e255e82041717) Importer(815301076,1909f56bfc062723c751e8b465ee728b)
Start importing Assets/Effects/Abilities/Grenade/FX_GrenadeExplosion.prefab using Guid(8efec0fa27fe42840b4e255e82041717) Importer(815301076,1909f56bfc062723c751e8b465ee728b)  -> (artifact id: '761a38ed42aa645b570ae8138cfa1279') in 0.034551 seconds
  Import took 0.041165 seconds .

========================================================================
Received Import Request.
  Time since last request: 131.521064 seconds.
  path: Assets/Effects/Misc/Explosion Light.prefab
  artifactKey: Guid(58d90cd5b58336149b683701a2d50133) Importer(815301076,1909f56bfc062723c751e8b465ee728b)
Start importing Assets/Effects/Misc/Explosion Light.prefab using Guid(58d90cd5b58336149b683701a2d50133) Importer(815301076,1909f56bfc062723c751e8b465ee728b)  -> (artifact id: '777ae329237679ea814743278880efbf') in 0.006123 seconds
  Import took 0.011673 seconds .

========================================================================
Received Import Request.
  Time since last request: 0.002359 seconds.
  path: Assets/Effects/Misc/Explosion Light.prefab
  artifactKey: Guid(58d90cd5b58336149b683701a2d50133) Importer(815301076,1909f56bfc062723c751e8b465ee728b)
Start importing Assets/Effects/Misc/Explosion Light.prefab using Guid(58d90cd5b58336149b683701a2d50133) Importer(815301076,1909f56bfc062723c751e8b465ee728b)  -> (artifact id: '777ae329237679ea814743278880efbf') in 0.002741 seconds
  Import took 0.007387 seconds .

========================================================================
Received Import Request.
  Time since last request: 50.924603 seconds.
  path: Assets/Effects/Abilities/Grenade/FX_GrenadeExplosion.prefab
  artifactKey: Guid(8efec0fa27fe42840b4e255e82041717) Importer(815301076,1909f56bfc062723c751e8b465ee728b)
Start importing Assets/Effects/Abilities/Grenade/FX_GrenadeExplosion.prefab using Guid(8efec0fa27fe42840b4e255e82041717) Importer(815301076,1909f56bfc062723c751e8b465ee728b)  -> (artifact id: '4a5b9e4aa21aa13de17f5985aa1cb951') in 0.007020 seconds
  Import took 0.013032 seconds .

========================================================================
Received Prepare
Registering precompiled user dll's ...
Registered in 0.004561 seconds.
Begin MonoManager ReloadAssembly
Native extension for WindowsStandalone target not found
Refreshing native plugins compatible for Editor in 0.99 ms, found 12 plugins.
Preloading 2 native plugins for Editor in 0.08 ms.
NullReferenceException: Object reference not set to an instance of an object
  at Unity.XR.Oculus.OculusLoader.AssetPathToAbsolutePath (System.String assetPath) [0x00048] in D:\Program Files\Unity Projects\NONSENSE\Library\PackageCache\com.unity.xr.oculus@1.9.0\Runtime\OculusLoader.cs:249 
  at Unity.XR.Oculus.OculusLoader.EditorLoadOVRPlugin () [0x0007b] in D:\Program Files\Unity Projects\NONSENSE\Library\PackageCache\com.unity.xr.oculus@1.9.0\Runtime\OculusLoader.cs:234 

(Filename: Library/PackageCache/com.unity.xr.oculus@1.9.0/Runtime/OculusLoader.cs Line: 249)

Mono: successfully reloaded assembly
- Completed reload, in  0.913 seconds
Platform modules already initialized, skipping
Shader 'Universal Render Pipeline/Particles/Lit': fallback shader 'Universal Render Pipeline/Particles/SimpleLit' not found
Refreshing native plugins compatible for Editor in 1.17 ms, found 12 plugins.
Preloading 2 native plugins for Editor in 0.08 ms.
Unloading 3929 Unused Serialized files (Serialized files now loaded: 0)
System memory in use before: 208.3 MB.
System memory in use after: 208.6 MB.

Unloading 10 unused Assets to reduce memory usage. Loaded Objects now: 4684.
Total: 3.384800 ms (FindLiveObjects: 0.586500 ms CreateObjectMapping: 0.111500 ms MarkObjects: 2.667900 ms  DeleteObjects: 0.017100 ms)

========================================================================
Received Import Request.
  Time since last request: 878.173477 seconds.
  path: Assets/Effects/Abilities/Grenade/VFX_AbilityGrenadeExplosion.vfx
  artifactKey: Guid(ac927ab54a104a040b589425716d309d) Importer(815301076,1909f56bfc062723c751e8b465ee728b)
Start importing Assets/Effects/Abilities/Grenade/VFX_AbilityGrenadeExplosion.vfx using Guid(ac927ab54a104a040b589425716d309d) Importer(815301076,1909f56bfc062723c751e8b465ee728b)  -> (artifact id: '882e650f919aeb7e5d85286236207362') in 0.015632 seconds
  Import took 0.021498 seconds .

========================================================================
Received Import Request.
  Time since last request: 2.863870 seconds.
  path: Assets/Effects/Abilities/Grenade/VFX_AbilityGrenadeExplosion.vfx
  artifactKey: Guid(ac927ab54a104a040b589425716d309d) Importer(815301076,1909f56bfc062723c751e8b465ee728b)
Start importing Assets/Effects/Abilities/Grenade/VFX_AbilityGrenadeExplosion.vfx using Guid(ac927ab54a104a040b589425716d309d) Importer(815301076,1909f56bfc062723c751e8b465ee728b)  -> (artifact id: '31ce78cb128fac523fcf41f5bba7945a') in 0.004314 seconds
  Import took 0.010069 seconds .

========================================================================
Received Import Request.
  Time since last request: 0.034571 seconds.
  path: Assets/Effects/Abilities/Grenade/VFX_AbilityGrenadeExplosion.vfx
  artifactKey: Guid(ac927ab54a104a040b589425716d309d) Importer(815301076,1909f56bfc062723c751e8b465ee728b)
Start importing Assets/Effects/Abilities/Grenade/VFX_AbilityGrenadeExplosion.vfx using Guid(ac927ab54a104a040b589425716d309d) Importer(815301076,1909f56bfc062723c751e8b465ee728b)  -> (artifact id: '31ce78cb128fac523fcf41f5bba7945a') in 0.004894 seconds
  Import took 0.010842 seconds .

========================================================================
Received Prepare
Registering precompiled user dll's ...
Registered in 0.004018 seconds.
Begin MonoManager ReloadAssembly
Native extension for WindowsStandalone target not found
Refreshing native plugins compatible for Editor in 1.04 ms, found 12 plugins.
Preloading 2 native plugins for Editor in 0.09 ms.
NullReferenceException: Object reference not set to an instance of an object
  at Unity.XR.Oculus.OculusLoader.AssetPathToAbsolutePath (System.String assetPath) [0x00048] in D:\Program Files\Unity Projects\NONSENSE\Library\PackageCache\com.unity.xr.oculus@1.9.0\Runtime\OculusLoader.cs:249 
  at Unity.XR.Oculus.OculusLoader.EditorLoadOVRPlugin () [0x0007b] in D:\Program Files\Unity Projects\NONSENSE\Library\PackageCache\com.unity.xr.oculus@1.9.0\Runtime\OculusLoader.cs:234 

(Filename: Library/PackageCache/com.unity.xr.oculus@1.9.0/Runtime/OculusLoader.cs Line: 249)

Mono: successfully reloaded assembly
- Completed reload, in  0.912 seconds
Platform modules already initialized, skipping
Shader 'Universal Render Pipeline/Particles/Lit': fallback shader 'Universal Render Pipeline/Particles/SimpleLit' not found
Refreshing native plugins compatible for Editor in 1.26 ms, found 12 plugins.
Preloading 2 native plugins for Editor in 0.08 ms.
Unloading 3929 Unused Serialized files (Serialized files now loaded: 0)
System memory in use before: 208.3 MB.
System memory in use after: 208.6 MB.

Unloading 10 unused Assets to reduce memory usage. Loaded Objects now: 4688.
Total: 2.885100 ms (FindLiveObjects: 0.399900 ms CreateObjectMapping: 0.101000 ms MarkObjects: 2.367900 ms  DeleteObjects: 0.015400 ms)

========================================================================
Received Prepare
Shader 'Universal Render Pipeline/Particles/Lit': fallback shader 'Universal Render Pipeline/Particles/SimpleLit' not found
Refreshing native plugins compatible for Editor in 1.99 ms, found 12 plugins.
Preloading 2 native plugins for Editor in 0.06 ms.
Unloading 7 Unused Serialized files (Serialized files now loaded: 0)
System memory in use before: 131.1 MB.
System memory in use after: 131.3 MB.

Unloading 6 unused Assets to reduce memory usage. Loaded Objects now: 4688.
Total: 3.066200 ms (FindLiveObjects: 0.415200 ms CreateObjectMapping: 0.108800 ms MarkObjects: 2.527000 ms  DeleteObjects: 0.013200 ms)

========================================================================
Received Import Request.
  Time since last request: 450.023121 seconds.
  path: Assets/Effects/Abilities/Grenade/VFX_AbilityGrenadeExplosion.vfx
  artifactKey: Guid(ac927ab54a104a040b589425716d309d) Importer(815301076,1909f56bfc062723c751e8b465ee728b)
Start importing Assets/Effects/Abilities/Grenade/VFX_AbilityGrenadeExplosion.vfx using Guid(ac927ab54a104a040b589425716d309d) Importer(815301076,1909f56bfc062723c751e8b465ee728b)  -> (artifact id: '2f5b3784d7d1a31a2530d41ea1bda3c2') in 0.183493 seconds
  Import took 0.190025 seconds .

========================================================================
Received Import Request.
  Time since last request: 0.000422 seconds.
  path: Assets/Effects/Abilities/Grenade/VFX_AbilityGrenadeExplosion.vfx
  artifactKey: Guid(ac927ab54a104a040b589425716d309d) Importer(815301076,1909f56bfc062723c751e8b465ee728b)
Start importing Assets/Effects/Abilities/Grenade/VFX_AbilityGrenadeExplosion.vfx using Guid(ac927ab54a104a040b589425716d309d) Importer(815301076,1909f56bfc062723c751e8b465ee728b)  -> (artifact id: '2f5b3784d7d1a31a2530d41ea1bda3c2') in 0.004513 seconds
  Import took 0.010188 seconds .

========================================================================
Received Import Request.
  Time since last request: 23.050817 seconds.
  path: Assets/Effects/Abilities/Grenade/VFX_AbilityGrenadeGlow.vfx
  artifactKey: Guid(3560615cffb1ab540855a6c34891799a) Importer(815301076,1909f56bfc062723c751e8b465ee728b)
Start importing Assets/Effects/Abilities/Grenade/VFX_AbilityGrenadeGlow.vfx using Guid(3560615cffb1ab540855a6c34891799a) Importer(815301076,1909f56bfc062723c751e8b465ee728b)  -> (artifact id: '07b8422b81f859047b43a2533a8979a5') in 0.006117 seconds
  Import took 0.011751 seconds .

========================================================================
Received Import Request.
  Time since last request: 369.541672 seconds.
  path: Assets/Prefabs/Items/Shotgun.prefab
  artifactKey: Guid(ee00e19ec883ad54a876b0c0a21c116b) Importer(815301076,1909f56bfc062723c751e8b465ee728b)
Start importing Assets/Prefabs/Items/Shotgun.prefab using Guid(ee00e19ec883ad54a876b0c0a21c116b) Importer(815301076,1909f56bfc062723c751e8b465ee728b)  -> (artifact id: 'e08a17c29072e8cc817f296cefef741b') in 0.195042 seconds
  Import took 0.202053 seconds .

========================================================================
Received Import Request.
  Time since last request: 37.827251 seconds.
  path: Assets/Prefabs/Entities/Projectiles/Projectile_Grenade.prefab
  artifactKey: Guid(0d99b5cc18494924e922b2658d5f4671) Importer(815301076,1909f56bfc062723c751e8b465ee728b)
Start importing Assets/Prefabs/Entities/Projectiles/Projectile_Grenade.prefab using Guid(0d99b5cc18494924e922b2658d5f4671) Importer(815301076,1909f56bfc062723c751e8b465ee728b)  -> (artifact id: 'd3b4b3997c58366f83b3a7cf7d655477') in 0.023471 seconds
  Import took 0.029647 seconds .

========================================================================
Received Import Request.
  Time since last request: 54.927550 seconds.
  path: Assets/Audio/Mixers/MasterMixer.mixer
  artifactKey: Guid(cea4144bac99df54c8ef69f7f5880efe) Importer(815301076,1909f56bfc062723c751e8b465ee728b)
Start importing Assets/Audio/Mixers/MasterMixer.mixer using Guid(cea4144bac99df54c8ef69f7f5880efe) Importer(815301076,1909f56bfc062723c751e8b465ee728b)  -> (artifact id: 'f7aaa7f17d5ca0d2590db9142e6cf039') in 0.007475 seconds
  Import took 0.013131 seconds .

========================================================================
Received Import Request.
  Time since last request: 11.454035 seconds.
  path: Assets/SteamVR/InteractionSystem/Longbow/Sounds/Default.mixer
  artifactKey: Guid(ec12f7772c03e4c4c9e4c2f1643595ad) Importer(815301076,1909f56bfc062723c751e8b465ee728b)
Start importing Assets/SteamVR/InteractionSystem/Longbow/Sounds/Default.mixer using Guid(ec12f7772c03e4c4c9e4c2f1643595ad) Importer(815301076,1909f56bfc062723c751e8b465ee728b)  -> (artifact id: '958b998670c1dbcfe008c21089817dcb') in 0.006784 seconds
  Import took 0.012201 seconds .

========================================================================
Received Import Request.
  Time since last request: 0.819118 seconds.
  path: Assets/SteamVR/InteractionSystem/Longbow/Sounds/MasterLongbowMix.mixer
  artifactKey: Guid(95096f29d1ddcd647ace66f3641d42f5) Importer(815301076,1909f56bfc062723c751e8b465ee728b)
Start importing Assets/SteamVR/InteractionSystem/Longbow/Sounds/MasterLongbowMix.mixer using Guid(95096f29d1ddcd647ace66f3641d42f5) Importer(815301076,1909f56bfc062723c751e8b465ee728b)  -> (artifact id: '4d31de9645e8f69bb7ae05ef913bd38c') in 0.006405 seconds
  Import took 0.012013 seconds .

========================================================================
Received Import Request.
  Time since last request: 35.711083 seconds.
  path: Assets/Audio/Mixers/MasterMixer.mixer
  artifactKey: Guid(cea4144bac99df54c8ef69f7f5880efe) Importer(815301076,1909f56bfc062723c751e8b465ee728b)
Start importing Assets/Audio/Mixers/MasterMixer.mixer using Guid(cea4144bac99df54c8ef69f7f5880efe) Importer(815301076,1909f56bfc062723c751e8b465ee728b)  -> (artifact id: 'c35b0a5a772a5257fb8b8e0f12f587a5') in 0.002365 seconds
  Import took 0.007928 seconds .

========================================================================
Received Import Request.
  Time since last request: 0.014676 seconds.
  path: Assets/Audio/Mixers/MasterMixer.mixer
  artifactKey: Guid(cea4144bac99df54c8ef69f7f5880efe) Importer(815301076,1909f56bfc062723c751e8b465ee728b)
Start importing Assets/Audio/Mixers/MasterMixer.mixer using Guid(cea4144bac99df54c8ef69f7f5880efe) Importer(815301076,1909f56bfc062723c751e8b465ee728b)  -> (artifact id: 'c35b0a5a772a5257fb8b8e0f12f587a5') in 0.002484 seconds
  Import took 0.007878 seconds .

========================================================================
Received Import Request.
  Time since last request: 4.272925 seconds.
  path: Assets/Audio/Mixers/MasterMixer.mixer
  artifactKey: Guid(cea4144bac99df54c8ef69f7f5880efe) Importer(815301076,1909f56bfc062723c751e8b465ee728b)
Start importing Assets/Audio/Mixers/MasterMixer.mixer using Guid(cea4144bac99df54c8ef69f7f5880efe) Importer(815301076,1909f56bfc062723c751e8b465ee728b)  -> (artifact id: '1daae5b0164209a01ecc526c721d1958') in 0.002313 seconds
  Import took 0.007710 seconds .

========================================================================
Received Import Request.
  Time since last request: 10.270593 seconds.
  path: Assets/Audio/Mixers/MasterMixer.mixer
  artifactKey: Guid(cea4144bac99df54c8ef69f7f5880efe) Importer(815301076,1909f56bfc062723c751e8b465ee728b)
Start importing Assets/Audio/Mixers/MasterMixer.mixer using Guid(cea4144bac99df54c8ef69f7f5880efe) Importer(815301076,1909f56bfc062723c751e8b465ee728b)  -> (artifact id: '6c7e49e8a8fdf6bc11a72755adda2f10') in 0.002459 seconds
  Import took 0.007883 seconds .

========================================================================
Received Import Request.
  Time since last request: 86.222966 seconds.
  path: Assets/Prefabs/Entities/Projectiles/Projectile_Grenade.prefab
  artifactKey: Guid(0d99b5cc18494924e922b2658d5f4671) Importer(815301076,1909f56bfc062723c751e8b465ee728b)
Start importing Assets/Prefabs/Entities/Projectiles/Projectile_Grenade.prefab using Guid(0d99b5cc18494924e922b2658d5f4671) Importer(815301076,1909f56bfc062723c751e8b465ee728b)  -> (artifact id: 'b519fa6e8e50942392cd762fa43cf83d') in 0.013366 seconds
  Import took 0.019886 seconds .

========================================================================
Received Prepare
Registering precompiled user dll's ...
Registered in 0.004451 seconds.
Begin MonoManager ReloadAssembly
Native extension for WindowsStandalone target not found
Refreshing native plugins compatible for Editor in 1.14 ms, found 12 plugins.
Preloading 2 native plugins for Editor in 0.10 ms.
NullReferenceException: Object reference not set to an instance of an object
  at Unity.XR.Oculus.OculusLoader.AssetPathToAbsolutePath (System.String assetPath) [0x00048] in D:\Program Files\Unity Projects\NONSENSE\Library\PackageCache\com.unity.xr.oculus@1.9.0\Runtime\OculusLoader.cs:249 
  at Unity.XR.Oculus.OculusLoader.EditorLoadOVRPlugin () [0x0007b] in D:\Program Files\Unity Projects\NONSENSE\Library\PackageCache\com.unity.xr.oculus@1.9.0\Runtime\OculusLoader.cs:234 

(Filename: Library/PackageCache/com.unity.xr.oculus@1.9.0/Runtime/OculusLoader.cs Line: 249)

Mono: successfully reloaded assembly
- Completed reload, in  1.000 seconds
Platform modules already initialized, skipping
Shader 'Universal Render Pipeline/Particles/Lit': fallback shader 'Universal Render Pipeline/Particles/SimpleLit' not found
Refreshing native plugins compatible for Editor in 1.01 ms, found 12 plugins.
Preloading 2 native plugins for Editor in 0.08 ms.
Unloading 3929 Unused Serialized files (Serialized files now loaded: 0)
System memory in use before: 208.7 MB.
System memory in use after: 208.9 MB.

Unloading 10 unused Assets to reduce memory usage. Loaded Objects now: 4729.
Total: 2.949200 ms (FindLiveObjects: 0.411700 ms CreateObjectMapping: 0.103900 ms MarkObjects: 2.413300 ms  DeleteObjects: 0.019100 ms)

========================================================================
Received Prepare
Registering precompiled user dll's ...
Registered in 0.004051 seconds.
Begin MonoManager ReloadAssembly
Native extension for WindowsStandalone target not found
Refreshing native plugins compatible for Editor in 1.03 ms, found 12 plugins.
Preloading 2 native plugins for Editor in 0.08 ms.
NullReferenceException: Object reference not set to an instance of an object
  at Unity.XR.Oculus.OculusLoader.AssetPathToAbsolutePath (System.String assetPath) [0x00048] in D:\Program Files\Unity Projects\NONSENSE\Library\PackageCache\com.unity.xr.oculus@1.9.0\Runtime\OculusLoader.cs:249 
  at Unity.XR.Oculus.OculusLoader.EditorLoadOVRPlugin () [0x0007b] in D:\Program Files\Unity Projects\NONSENSE\Library\PackageCache\com.unity.xr.oculus@1.9.0\Runtime\OculusLoader.cs:234 

(Filename: Library/PackageCache/com.unity.xr.oculus@1.9.0/Runtime/OculusLoader.cs Line: 249)

Mono: successfully reloaded assembly
- Completed reload, in  0.928 seconds
Platform modules already initialized, skipping
Shader 'Universal Render Pipeline/Particles/Lit': fallback shader 'Universal Render Pipeline/Particles/SimpleLit' not found
Refreshing native plugins compatible for Editor in 1.14 ms, found 12 plugins.
Preloading 2 native plugins for Editor in 0.10 ms.
Unloading 3929 Unused Serialized files (Serialized files now loaded: 0)
System memory in use before: 208.7 MB.
System memory in use after: 208.9 MB.

Unloading 10 unused Assets to reduce memory usage. Loaded Objects now: 4733.
Total: 3.311000 ms (FindLiveObjects: 0.513600 ms CreateObjectMapping: 0.107300 ms MarkObjects: 2.668000 ms  DeleteObjects: 0.020300 ms)

========================================================================
Received Import Request.
  Time since last request: 901.904436 seconds.
  path: Assets/Prefabs/Entities/Projectiles/Projectile_Grenade.prefab
  artifactKey: Guid(0d99b5cc18494924e922b2658d5f4671) Importer(815301076,1909f56bfc062723c751e8b465ee728b)
Start importing Assets/Prefabs/Entities/Projectiles/Projectile_Grenade.prefab using Guid(0d99b5cc18494924e922b2658d5f4671) Importer(815301076,1909f56bfc062723c751e8b465ee728b)  -> (artifact id: 'fe76ebb5511403e135945458ab5180fb') in 0.131272 seconds
  Import took 0.137778 seconds .

========================================================================
Received Prepare
Registering precompiled user dll's ...
Registered in 0.004114 seconds.
Begin MonoManager ReloadAssembly
Native extension for WindowsStandalone target not found
Refreshing native plugins compatible for Editor in 1.28 ms, found 12 plugins.
Preloading 2 native plugins for Editor in 0.09 ms.
NullReferenceException: Object reference not set to an instance of an object
  at Unity.XR.Oculus.OculusLoader.AssetPathToAbsolutePath (System.String assetPath) [0x00048] in D:\Program Files\Unity Projects\NONSENSE\Library\PackageCache\com.unity.xr.oculus@1.9.0\Runtime\OculusLoader.cs:249 
  at Unity.XR.Oculus.OculusLoader.EditorLoadOVRPlugin () [0x0007b] in D:\Program Files\Unity Projects\NONSENSE\Library\PackageCache\com.unity.xr.oculus@1.9.0\Runtime\OculusLoader.cs:234 

(Filename: Library/PackageCache/com.unity.xr.oculus@1.9.0/Runtime/OculusLoader.cs Line: 249)

Mono: successfully reloaded assembly
- Completed reload, in  0.920 seconds
Platform modules already initialized, skipping
Shader 'Universal Render Pipeline/Particles/Lit': fallback shader 'Universal Render Pipeline/Particles/SimpleLit' not found
Refreshing native plugins compatible for Editor in 1.14 ms, found 12 plugins.
Preloading 2 native plugins for Editor in 0.09 ms.
Unloading 3929 Unused Serialized files (Serialized files now loaded: 0)
System memory in use before: 208.8 MB.
System memory in use after: 209.1 MB.

Unloading 10 unused Assets to reduce memory usage. Loaded Objects now: 4773.
Total: 2.948600 ms (FindLiveObjects: 0.543300 ms CreateObjectMapping: 0.104500 ms MarkObjects: 2.280900 ms  DeleteObjects: 0.018300 ms)

========================================================================
Received Prepare
Registering precompiled user dll's ...
Registered in 0.004230 seconds.
Begin MonoManager ReloadAssembly
Native extension for WindowsStandalone target not found
Refreshing native plugins compatible for Editor in 1.07 ms, found 12 plugins.
Preloading 2 native plugins for Editor in 0.09 ms.
NullReferenceException: Object reference not set to an instance of an object
  at Unity.XR.Oculus.OculusLoader.AssetPathToAbsolutePath (System.String assetPath) [0x00048] in D:\Program Files\Unity Projects\NONSENSE\Library\PackageCache\com.unity.xr.oculus@1.9.0\Runtime\OculusLoader.cs:249 
  at Unity.XR.Oculus.OculusLoader.EditorLoadOVRPlugin () [0x0007b] in D:\Program Files\Unity Projects\NONSENSE\Library\PackageCache\com.unity.xr.oculus@1.9.0\Runtime\OculusLoader.cs:234 

(Filename: Library/PackageCache/com.unity.xr.oculus@1.9.0/Runtime/OculusLoader.cs Line: 249)

Mono: successfully reloaded assembly
- Completed reload, in  0.967 seconds
Platform modules already initialized, skipping
Shader 'Universal Render Pipeline/Particles/Lit': fallback shader 'Universal Render Pipeline/Particles/SimpleLit' not found
Refreshing native plugins compatible for Editor in 1.11 ms, found 12 plugins.
Preloading 2 native plugins for Editor in 0.08 ms.
Unloading 3929 Unused Serialized files (Serialized files now loaded: 0)
System memory in use before: 208.8 MB.
System memory in use after: 209.1 MB.

Unloading 10 unused Assets to reduce memory usage. Loaded Objects now: 4777.
Total: 3.595200 ms (FindLiveObjects: 0.552500 ms CreateObjectMapping: 0.096800 ms MarkObjects: 2.925900 ms  DeleteObjects: 0.019200 ms)

========================================================================
Received Prepare
Registering precompiled user dll's ...
Registered in 0.004088 seconds.
Begin MonoManager ReloadAssembly
Native extension for WindowsStandalone target not found
Refreshing native plugins compatible for Editor in 1.11 ms, found 12 plugins.
Preloading 2 native plugins for Editor in 0.08 ms.
NullReferenceException: Object reference not set to an instance of an object
  at Unity.XR.Oculus.OculusLoader.AssetPathToAbsolutePath (System.String assetPath) [0x00048] in D:\Program Files\Unity Projects\NONSENSE\Library\PackageCache\com.unity.xr.oculus@1.9.0\Runtime\OculusLoader.cs:249 
  at Unity.XR.Oculus.OculusLoader.EditorLoadOVRPlugin () [0x0007b] in D:\Program Files\Unity Projects\NONSENSE\Library\PackageCache\com.unity.xr.oculus@1.9.0\Runtime\OculusLoader.cs:234 

(Filename: Library/PackageCache/com.unity.xr.oculus@1.9.0/Runtime/OculusLoader.cs Line: 249)

Mono: successfully reloaded assembly
- Completed reload, in  0.930 seconds
Platform modules already initialized, skipping
Shader 'Universal Render Pipeline/Particles/Lit': fallback shader 'Universal Render Pipeline/Particles/SimpleLit' not found
Refreshing native plugins compatible for Editor in 1.13 ms, found 12 plugins.
Preloading 2 native plugins for Editor in 0.08 ms.
Unloading 3929 Unused Serialized files (Serialized files now loaded: 0)
System memory in use before: 208.8 MB.
System memory in use after: 209.1 MB.

Unloading 10 unused Assets to reduce memory usage. Loaded Objects now: 4781.
Total: 3.264100 ms (FindLiveObjects: 0.430900 ms CreateObjectMapping: 0.102000 ms MarkObjects: 2.703700 ms  DeleteObjects: 0.026600 ms)

========================================================================
Received Import Request.
  Time since last request: 397.734715 seconds.
  path: Assets/Prefabs/Items/Handgun.prefab
  artifactKey: Guid(3646e7b957e19654eabcd780f06b2a93) Importer(815301076,1909f56bfc062723c751e8b465ee728b)
Start importing Assets/Prefabs/Items/Handgun.prefab using Guid(3646e7b957e19654eabcd780f06b2a93) Importer(815301076,1909f56bfc062723c751e8b465ee728b)  -> (artifact id: '96a73a87d5b214ae386d6914f133a59f') in 0.194135 seconds
  Import took 0.201542 seconds .

========================================================================
Received Import Request.
  Time since last request: 40.246229 seconds.
  path: Assets/Effects/Abilities/Grenade/FX_GrenadeExplosion.prefab
  artifactKey: Guid(8efec0fa27fe42840b4e255e82041717) Importer(815301076,1909f56bfc062723c751e8b465ee728b)
Start importing Assets/Effects/Abilities/Grenade/FX_GrenadeExplosion.prefab using Guid(8efec0fa27fe42840b4e255e82041717) Importer(815301076,1909f56bfc062723c751e8b465ee728b)  -> (artifact id: 'bf2da3ac2030cd7c8535667925c404a9') in 0.010937 seconds
  Import took 0.017385 seconds .

========================================================================
Received Prepare
Registering precompiled user dll's ...
Registered in 0.004667 seconds.
Begin MonoManager ReloadAssembly
Native extension for WindowsStandalone target not found
Refreshing native plugins compatible for Editor in 1.06 ms, found 12 plugins.
Preloading 2 native plugins for Editor in 0.09 ms.
NullReferenceException: Object reference not set to an instance of an object
  at Unity.XR.Oculus.OculusLoader.AssetPathToAbsolutePath (System.String assetPath) [0x00048] in D:\Program Files\Unity Projects\NONSENSE\Library\PackageCache\com.unity.xr.oculus@1.9.0\Runtime\OculusLoader.cs:249 
  at Unity.XR.Oculus.OculusLoader.EditorLoadOVRPlugin () [0x0007b] in D:\Program Files\Unity Projects\NONSENSE\Library\PackageCache\com.unity.xr.oculus@1.9.0\Runtime\OculusLoader.cs:234 

(Filename: Library/PackageCache/com.unity.xr.oculus@1.9.0/Runtime/OculusLoader.cs Line: 249)

Mono: successfully reloaded assembly
- Completed reload, in  0.997 seconds
Platform modules already initialized, skipping
Shader 'Universal Render Pipeline/Particles/Lit': fallback shader 'Universal Render Pipeline/Particles/SimpleLit' not found
Refreshing native plugins compatible for Editor in 1.08 ms, found 12 plugins.
Preloading 2 native plugins for Editor in 0.08 ms.
Unloading 3929 Unused Serialized files (Serialized files now loaded: 0)
System memory in use before: 209.5 MB.
System memory in use after: 209.8 MB.

Unloading 10 unused Assets to reduce memory usage. Loaded Objects now: 4821.
Total: 3.317800 ms (FindLiveObjects: 0.443500 ms CreateObjectMapping: 0.103200 ms MarkObjects: 2.751600 ms  DeleteObjects: 0.018600 ms)

========================================================================
Received Import Request.
  Time since last request: 82.293348 seconds.
  path: Assets/Effects/Abilities/Grenade/VFX_AbilityGrenadeExplosion.vfx
  artifactKey: Guid(ac927ab54a104a040b589425716d309d) Importer(815301076,1909f56bfc062723c751e8b465ee728b)
Start importing Assets/Effects/Abilities/Grenade/VFX_AbilityGrenadeExplosion.vfx using Guid(ac927ab54a104a040b589425716d309d) Importer(815301076,1909f56bfc062723c751e8b465ee728b)  -> (artifact id: '6ac89832ed3449f6b60b2101c969daa6') in 0.137952 seconds
  Import took 0.144222 seconds .

========================================================================
Received Import Request.
  Time since last request: 151.956699 seconds.
  path: Assets/Effects/Abilities/Grenade/VFX_AbilityGrenadeExplosion.vfx
  artifactKey: Guid(ac927ab54a104a040b589425716d309d) Importer(815301076,1909f56bfc062723c751e8b465ee728b)
Start importing Assets/Effects/Abilities/Grenade/VFX_AbilityGrenadeExplosion.vfx using Guid(ac927ab54a104a040b589425716d309d) Importer(815301076,1909f56bfc062723c751e8b465ee728b)  -> (artifact id: '9c7f87abe039656b81206a6cf861c5d1') in 0.004838 seconds
  Import took 0.011093 seconds .

========================================================================
Received Import Request.
  Time since last request: 301.152577 seconds.
  path: Assets/Effects/Abilities/Grenade/VFX_AbilityGrenadeExplosion.vfx
  artifactKey: Guid(ac927ab54a104a040b589425716d309d) Importer(815301076,1909f56bfc062723c751e8b465ee728b)
Start importing Assets/Effects/Abilities/Grenade/VFX_AbilityGrenadeExplosion.vfx using Guid(ac927ab54a104a040b589425716d309d) Importer(815301076,1909f56bfc062723c751e8b465ee728b)  -> (artifact id: '8b101ef1326c8817af17b4e739375647') in 0.004811 seconds
  Import took 0.011151 seconds .

========================================================================
Received Import Request.
  Time since last request: 36.507697 seconds.
  path: Assets/Effects/Abilities/Grenade/VFX_AbilityGrenadeExplosion.vfx
  artifactKey: Guid(ac927ab54a104a040b589425716d309d) Importer(815301076,1909f56bfc062723c751e8b465ee728b)
Start importing Assets/Effects/Abilities/Grenade/VFX_AbilityGrenadeExplosion.vfx using Guid(ac927ab54a104a040b589425716d309d) Importer(815301076,1909f56bfc062723c751e8b465ee728b)  -> (artifact id: 'ee5b84646e6cfabaeadaad5895f1e834') in 0.005516 seconds
  Import took 0.011900 seconds .

========================================================================
Received Import Request.
  Time since last request: 85.685035 seconds.
  path: Assets/Effects/Abilities/Grenade/VFX_AbilityGrenadeExplosion.vfx
  artifactKey: Guid(ac927ab54a104a040b589425716d309d) Importer(815301076,1909f56bfc062723c751e8b465ee728b)
Start importing Assets/Effects/Abilities/Grenade/VFX_AbilityGrenadeExplosion.vfx using Guid(ac927ab54a104a040b589425716d309d) Importer(815301076,1909f56bfc062723c751e8b465ee728b)  -> (artifact id: '20b231f7548921e42a81d6ed1d4fddd5') in 0.004870 seconds
  Import took 0.011482 seconds .

========================================================================
Received Import Request.
  Time since last request: 7.227763 seconds.
  path: Assets/Effects/Abilities/Grenade/VFX_AbilityGrenadeExplosion.vfx
  artifactKey: Guid(ac927ab54a104a040b589425716d309d) Importer(815301076,1909f56bfc062723c751e8b465ee728b)
Start importing Assets/Effects/Abilities/Grenade/VFX_AbilityGrenadeExplosion.vfx using Guid(ac927ab54a104a040b589425716d309d) Importer(815301076,1909f56bfc062723c751e8b465ee728b)  -> (artifact id: 'c3839d041ea3c9149f6004c163cdce73') in 0.004871 seconds
  Import took 0.010905 seconds .

========================================================================
Received Import Request.
  Time since last request: 3.515108 seconds.
  path: Assets/Effects/Abilities/Grenade/VFX_AbilityGrenadeExplosion.vfx
  artifactKey: Guid(ac927ab54a104a040b589425716d309d) Importer(815301076,1909f56bfc062723c751e8b465ee728b)
Start importing Assets/Effects/Abilities/Grenade/VFX_AbilityGrenadeExplosion.vfx using Guid(ac927ab54a104a040b589425716d309d) Importer(815301076,1909f56bfc062723c751e8b465ee728b)  -> (artifact id: '48f4670d2acffb1b5975a5caa7ff57ef') in 0.005065 seconds
  Import took 0.011091 seconds .

========================================================================
Received Import Request.
  Time since last request: 5.894868 seconds.
  path: Assets/Effects/Abilities/Grenade/VFX_AbilityGrenadeExplosion.vfx
  artifactKey: Guid(ac927ab54a104a040b589425716d309d) Importer(815301076,1909f56bfc062723c751e8b465ee728b)
Start importing Assets/Effects/Abilities/Grenade/VFX_AbilityGrenadeExplosion.vfx using Guid(ac927ab54a104a040b589425716d309d) Importer(815301076,1909f56bfc062723c751e8b465ee728b)  -> (artifact id: '5f1013ef4325fc19a0feb627a3e622ff') in 0.004546 seconds
  Import took 0.010693 seconds .

========================================================================
Received Import Request.
  Time since last request: 31.565281 seconds.
  path: Assets/Effects/Abilities/Grenade/VFX_AbilityGrenadeExplosion.vfx
  artifactKey: Guid(ac927ab54a104a040b589425716d309d) Importer(815301076,1909f56bfc062723c751e8b465ee728b)
Start importing Assets/Effects/Abilities/Grenade/VFX_AbilityGrenadeExplosion.vfx using Guid(ac927ab54a104a040b589425716d309d) Importer(815301076,1909f56bfc062723c751e8b465ee728b)  -> (artifact id: '00a1e613bbfd90952e60d34ad61ddf9e') in 0.004327 seconds
  Import took 0.010532 seconds .

========================================================================
Received Import Request.
  Time since last request: 68.685161 seconds.
  path: Assets/Effects/Abilities/Grenade/VFX_AbilityGrenadeExplosion.vfx
  artifactKey: Guid(ac927ab54a104a040b589425716d309d) Importer(815301076,1909f56bfc062723c751e8b465ee728b)
Start importing Assets/Effects/Abilities/Grenade/VFX_AbilityGrenadeExplosion.vfx using Guid(ac927ab54a104a040b589425716d309d) Importer(815301076,1909f56bfc062723c751e8b465ee728b)  -> (artifact id: '978b38853f55496932900c326bf27023') in 0.004867 seconds
  Import took 0.010905 seconds .

========================================================================
Received Import Request.
  Time since last request: 6.029639 seconds.
  path: Assets/Effects/Abilities/Grenade/VFX_AbilityGrenadeExplosion.vfx
  artifactKey: Guid(ac927ab54a104a040b589425716d309d) Importer(815301076,1909f56bfc062723c751e8b465ee728b)
Start importing Assets/Effects/Abilities/Grenade/VFX_AbilityGrenadeExplosion.vfx using Guid(ac927ab54a104a040b589425716d309d) Importer(815301076,1909f56bfc062723c751e8b465ee728b)  -> (artifact id: '667b70d4302f2cc6bbc0fa9fc95e345c') in 0.004640 seconds
  Import took 0.010609 seconds .

========================================================================
Received Import Request.
  Time since last request: 3.352835 seconds.
  path: Assets/Effects/Abilities/Grenade/VFX_AbilityGrenadeExplosion.vfx
  artifactKey: Guid(ac927ab54a104a040b589425716d309d) Importer(815301076,1909f56bfc062723c751e8b465ee728b)
Start importing Assets/Effects/Abilities/Grenade/VFX_AbilityGrenadeExplosion.vfx using Guid(ac927ab54a104a040b589425716d309d) Importer(815301076,1909f56bfc062723c751e8b465ee728b)  -> (artifact id: '7788be8819275d8decc87862ae318486') in 0.004514 seconds
  Import took 0.010611 seconds .

========================================================================
Received Import Request.
  Time since last request: 8.776195 seconds.
  path: Assets/Effects/Abilities/Grenade/VFX_AbilityGrenadeExplosion.vfx
  artifactKey: Guid(ac927ab54a104a040b589425716d309d) Importer(815301076,1909f56bfc062723c751e8b465ee728b)
Start importing Assets/Effects/Abilities/Grenade/VFX_AbilityGrenadeExplosion.vfx using Guid(ac927ab54a104a040b589425716d309d) Importer(815301076,1909f56bfc062723c751e8b465ee728b)  -> (artifact id: 'b852e0cc5fa30808434c44340a4b778c') in 0.004538 seconds
  Import took 0.010685 seconds .

========================================================================
Received Import Request.
  Time since last request: 32.076850 seconds.
  path: Assets/Effects/Abilities/Grenade/VFX_AbilityGrenadeExplosion.vfx
  artifactKey: Guid(ac927ab54a104a040b589425716d309d) Importer(815301076,1909f56bfc062723c751e8b465ee728b)
Start importing Assets/Effects/Abilities/Grenade/VFX_AbilityGrenadeExplosion.vfx using Guid(ac927ab54a104a040b589425716d309d) Importer(815301076,1909f56bfc062723c751e8b465ee728b)  -> (artifact id: 'a526d72a1aada20d838ad6c3b9b5da37') in 0.004350 seconds
  Import took 0.010364 seconds .

========================================================================
Received Import Request.
  Time since last request: 115.663117 seconds.
  path: Assets/Effects/Abilities/Grenade/VFX_AbilityGrenadeExplosion.vfx
  artifactKey: Guid(ac927ab54a104a040b589425716d309d) Importer(815301076,1909f56bfc062723c751e8b465ee728b)
Start importing Assets/Effects/Abilities/Grenade/VFX_AbilityGrenadeExplosion.vfx using Guid(ac927ab54a104a040b589425716d309d) Importer(815301076,1909f56bfc062723c751e8b465ee728b)  -> (artifact id: '64c853fd298ba3b38ca996a63db4473e') in 0.005244 seconds
  Import took 0.011713 seconds .

========================================================================
Received Import Request.
  Time since last request: 8.874502 seconds.
  path: Assets/Effects/Abilities/Grenade/VFX_AbilityGrenadeExplosion.vfx
  artifactKey: Guid(ac927ab54a104a040b589425716d309d) Importer(815301076,1909f56bfc062723c751e8b465ee728b)
Start importing Assets/Effects/Abilities/Grenade/VFX_AbilityGrenadeExplosion.vfx using Guid(ac927ab54a104a040b589425716d309d) Importer(815301076,1909f56bfc062723c751e8b465ee728b)  -> (artifact id: '742576665f17d487db50a873221ff7f8') in 0.004953 seconds
  Import took 0.011658 seconds .

========================================================================
Received Import Request.
  Time since last request: 53.226209 seconds.
  path: Assets/Effects/Abilities/Grenade/VFX_AbilityGrenadeExplosion.vfx
  artifactKey: Guid(ac927ab54a104a040b589425716d309d) Importer(815301076,1909f56bfc062723c751e8b465ee728b)
Start importing Assets/Effects/Abilities/Grenade/VFX_AbilityGrenadeExplosion.vfx using Guid(ac927ab54a104a040b589425716d309d) Importer(815301076,1909f56bfc062723c751e8b465ee728b)  -> (artifact id: '656135d30676b07ad19b5b804b52110a') in 0.004343 seconds
  Import took 0.010901 seconds .

========================================================================
Received Import Request.
  Time since last request: 3.126938 seconds.
  path: Assets/Effects/Abilities/Grenade/VFX_AbilityGrenadeExplosion.vfx
  artifactKey: Guid(ac927ab54a104a040b589425716d309d) Importer(815301076,1909f56bfc062723c751e8b465ee728b)
Start importing Assets/Effects/Abilities/Grenade/VFX_AbilityGrenadeExplosion.vfx using Guid(ac927ab54a104a040b589425716d309d) Importer(815301076,1909f56bfc062723c751e8b465ee728b)  -> (artifact id: 'c264e3f2c651ea89cb9b099cdc744c4c') in 0.004399 seconds
  Import took 0.010534 seconds .

========================================================================
Received Import Request.
  Time since last request: 2.397530 seconds.
  path: Assets/Effects/Abilities/Grenade/VFX_AbilityGrenadeExplosion.vfx
  artifactKey: Guid(ac927ab54a104a040b589425716d309d) Importer(815301076,1909f56bfc062723c751e8b465ee728b)
Start importing Assets/Effects/Abilities/Grenade/VFX_AbilityGrenadeExplosion.vfx using Guid(ac927ab54a104a040b589425716d309d) Importer(815301076,1909f56bfc062723c751e8b465ee728b)  -> (artifact id: 'f2c4c35116fd37f316b1f39deefc86bb') in 0.005009 seconds
  Import took 0.011693 seconds .

========================================================================
Received Import Request.
  Time since last request: 102.718629 seconds.
  path: Assets/Effects/Abilities/Grenade/VFX_AbilityGrenadeExplosion.vfx
  artifactKey: Guid(ac927ab54a104a040b589425716d309d) Importer(815301076,1909f56bfc062723c751e8b465ee728b)
Start importing Assets/Effects/Abilities/Grenade/VFX_AbilityGrenadeExplosion.vfx using Guid(ac927ab54a104a040b589425716d309d) Importer(815301076,1909f56bfc062723c751e8b465ee728b)  -> (artifact id: '60d19c81bec5ab658c3f80ddfab5aef0') in 0.004461 seconds
  Import took 0.011057 seconds .

========================================================================
Received Import Request.
  Time since last request: 238.314103 seconds.
  path: Assets/Effects/Abilities/Grenade/VFX_AbilityGrenadeExplosion.vfx
  artifactKey: Guid(ac927ab54a104a040b589425716d309d) Importer(815301076,1909f56bfc062723c751e8b465ee728b)
Start importing Assets/Effects/Abilities/Grenade/VFX_AbilityGrenadeExplosion.vfx using Guid(ac927ab54a104a040b589425716d309d) Importer(815301076,1909f56bfc062723c751e8b465ee728b)  -> (artifact id: '4d9c240903952fcb237e000b19086a1c') in 0.004960 seconds
  Import took 0.011507 seconds .

========================================================================
Received Import Request.
  Time since last request: 1.228202 seconds.
  path: Assets/Effects/Abilities/Grenade/VFX_AbilityGrenadeExplosion.vfx
  artifactKey: Guid(ac927ab54a104a040b589425716d309d) Importer(815301076,1909f56bfc062723c751e8b465ee728b)
Start importing Assets/Effects/Abilities/Grenade/VFX_AbilityGrenadeExplosion.vfx using Guid(ac927ab54a104a040b589425716d309d) Importer(815301076,1909f56bfc062723c751e8b465ee728b)  -> (artifact id: 'cb5ed864182c98adf1762ccfd10eb09b') in 0.004660 seconds
  Import took 0.011062 seconds .

========================================================================
Received Import Request.
  Time since last request: 187.560974 seconds.
  path: Assets/Effects/Abilities/Grenade/VFX_AbilityGrenadeExplosion.vfx
  artifactKey: Guid(ac927ab54a104a040b589425716d309d) Importer(815301076,1909f56bfc062723c751e8b465ee728b)
Start importing Assets/Effects/Abilities/Grenade/VFX_AbilityGrenadeExplosion.vfx using Guid(ac927ab54a104a040b589425716d309d) Importer(815301076,1909f56bfc062723c751e8b465ee728b)  -> (artifact id: 'e350e35d84a1e059f7396a5953a18529') in 0.004789 seconds
  Import took 0.011524 seconds .

========================================================================
Received Import Request.
  Time since last request: 1.610723 seconds.
  path: Assets/Effects/Abilities/Grenade/VFX_AbilityGrenadeExplosion.vfx
  artifactKey: Guid(ac927ab54a104a040b589425716d309d) Importer(815301076,1909f56bfc062723c751e8b465ee728b)
Start importing Assets/Effects/Abilities/Grenade/VFX_AbilityGrenadeExplosion.vfx using Guid(ac927ab54a104a040b589425716d309d) Importer(815301076,1909f56bfc062723c751e8b465ee728b)  -> (artifact id: 'd0efb0df91eb8ec9604c356f55781438') in 0.005390 seconds
  Import took 0.011946 seconds .

========================================================================
Received Prepare
Registering precompiled user dll's ...
Registered in 0.004752 seconds.
Begin MonoManager ReloadAssembly
Native extension for WindowsStandalone target not found
Refreshing native plugins compatible for Editor in 1.28 ms, found 12 plugins.
Preloading 2 native plugins for Editor in 0.08 ms.
NullReferenceException: Object reference not set to an instance of an object
  at Unity.XR.Oculus.OculusLoader.AssetPathToAbsolutePath (System.String assetPath) [0x00048] in D:\Program Files\Unity Projects\NONSENSE\Library\PackageCache\com.unity.xr.oculus@1.9.0\Runtime\OculusLoader.cs:249 
  at Unity.XR.Oculus.OculusLoader.EditorLoadOVRPlugin () [0x0007b] in D:\Program Files\Unity Projects\NONSENSE\Library\PackageCache\com.unity.xr.oculus@1.9.0\Runtime\OculusLoader.cs:234 

(Filename: Library/PackageCache/com.unity.xr.oculus@1.9.0/Runtime/OculusLoader.cs Line: 249)

Mono: successfully reloaded assembly
- Completed reload, in  0.925 seconds
Platform modules already initialized, skipping
Shader 'Universal Render Pipeline/Particles/Lit': fallback shader 'Universal Render Pipeline/Particles/SimpleLit' not found
Refreshing native plugins compatible for Editor in 1.57 ms, found 12 plugins.
Preloading 2 native plugins for Editor in 0.10 ms.
Unloading 3929 Unused Serialized files (Serialized files now loaded: 0)
System memory in use before: 209.6 MB.
System memory in use after: 209.8 MB.

Unloading 10 unused Assets to reduce memory usage. Loaded Objects now: 4825.
Total: 3.543000 ms (FindLiveObjects: 0.526200 ms CreateObjectMapping: 0.110300 ms MarkObjects: 2.882000 ms  DeleteObjects: 0.022800 ms)

========================================================================
Received Import Request.
  Time since last request: 116.753711 seconds.
  path: Assets/Effects/Abilities/Grenade/VFX_AbilityGrenadeExplosion.vfx
  artifactKey: Guid(ac927ab54a104a040b589425716d309d) Importer(815301076,1909f56bfc062723c751e8b465ee728b)
Start importing Assets/Effects/Abilities/Grenade/VFX_AbilityGrenadeExplosion.vfx using Guid(ac927ab54a104a040b589425716d309d) Importer(815301076,1909f56bfc062723c751e8b465ee728b)  -> (artifact id: '05f8b85f5bcfcee1f3f9cfa4adfc7f0c') in 0.016581 seconds
  Import took 0.023528 seconds .

========================================================================
Received Import Request.
  Time since last request: 0.352416 seconds.
  path: Assets/Effects/Abilities/Grenade/VFX_AbilityGrenadeExplosion.vfx
  artifactKey: Guid(ac927ab54a104a040b589425716d309d) Importer(815301076,1909f56bfc062723c751e8b465ee728b)
Start importing Assets/Effects/Abilities/Grenade/VFX_AbilityGrenadeExplosion.vfx using Guid(ac927ab54a104a040b589425716d309d) Importer(815301076,1909f56bfc062723c751e8b465ee728b)  -> (artifact id: '05f8b85f5bcfcee1f3f9cfa4adfc7f0c') in 0.004773 seconds
  Import took 0.011002 seconds .

========================================================================
Received Import Request.
  Time since last request: 226.867458 seconds.
  path: Assets/Effects/Abilities/Grenade/VFX_AbilityGrenadeExplosion.vfx
  artifactKey: Guid(ac927ab54a104a040b589425716d309d) Importer(815301076,1909f56bfc062723c751e8b465ee728b)
Start importing Assets/Effects/Abilities/Grenade/VFX_AbilityGrenadeExplosion.vfx using Guid(ac927ab54a104a040b589425716d309d) Importer(815301076,1909f56bfc062723c751e8b465ee728b)  -> (artifact id: 'da5d14999abe4084c0ea1f6a3f9117d8') in 0.004301 seconds
  Import took 0.010214 seconds .

========================================================================
Received Import Request.
  Time since last request: 0.809106 seconds.
  path: Assets/Effects/Abilities/Grenade/VFX_AbilityGrenadeExplosion.vfx
  artifactKey: Guid(ac927ab54a104a040b589425716d309d) Importer(815301076,1909f56bfc062723c751e8b465ee728b)
Start importing Assets/Effects/Abilities/Grenade/VFX_AbilityGrenadeExplosion.vfx using Guid(ac927ab54a104a040b589425716d309d) Importer(815301076,1909f56bfc062723c751e8b465ee728b)  -> (artifact id: 'eaaaf8a0343ff164e7c81a3cf71a2668') in 0.004459 seconds
  Import took 0.011153 seconds .

========================================================================
Received Import Request.
  Time since last request: 0.016618 seconds.
  path: Assets/Effects/Abilities/Grenade/VFX_AbilityGrenadeExplosion.vfx
  artifactKey: Guid(ac927ab54a104a040b589425716d309d) Importer(815301076,1909f56bfc062723c751e8b465ee728b)
Start importing Assets/Effects/Abilities/Grenade/VFX_AbilityGrenadeExplosion.vfx using Guid(ac927ab54a104a040b589425716d309d) Importer(815301076,1909f56bfc062723c751e8b465ee728b)  -> (artifact id: 'eaaaf8a0343ff164e7c81a3cf71a2668') in 0.004639 seconds
  Import took 0.010809 seconds .

========================================================================
Received Prepare
Registering precompiled user dll's ...
Registered in 0.004085 seconds.
Begin MonoManager ReloadAssembly
Native extension for WindowsStandalone target not found
Refreshing native plugins compatible for Editor in 1.02 ms, found 12 plugins.
Preloading 2 native plugins for Editor in 0.08 ms.
NullReferenceException: Object reference not set to an instance of an object
  at Unity.XR.Oculus.OculusLoader.AssetPathToAbsolutePath (System.String assetPath) [0x00048] in D:\Program Files\Unity Projects\NONSENSE\Library\PackageCache\com.unity.xr.oculus@1.9.0\Runtime\OculusLoader.cs:249 
  at Unity.XR.Oculus.OculusLoader.EditorLoadOVRPlugin () [0x0007b] in D:\Program Files\Unity Projects\NONSENSE\Library\PackageCache\com.unity.xr.oculus@1.9.0\Runtime\OculusLoader.cs:234 

(Filename: Library/PackageCache/com.unity.xr.oculus@1.9.0/Runtime/OculusLoader.cs Line: 249)

Mono: successfully reloaded assembly
- Completed reload, in  0.907 seconds
Platform modules already initialized, skipping
Shader 'Universal Render Pipeline/Particles/Lit': fallback shader 'Universal Render Pipeline/Particles/SimpleLit' not found
Refreshing native plugins compatible for Editor in 1.60 ms, found 12 plugins.
Preloading 2 native plugins for Editor in 0.10 ms.
Unloading 3929 Unused Serialized files (Serialized files now loaded: 0)
System memory in use before: 209.6 MB.
System memory in use after: 209.8 MB.

Unloading 10 unused Assets to reduce memory usage. Loaded Objects now: 4829.
Total: 3.048700 ms (FindLiveObjects: 0.457700 ms CreateObjectMapping: 0.104400 ms MarkObjects: 2.468100 ms  DeleteObjects: 0.017300 ms)

========================================================================
Received Import Request.
  Time since last request: 123.768794 seconds.
  path: Assets/Effects/Abilities/Grenade/VFX_AbilityGrenadeExplosion.vfx
  artifactKey: Guid(ac927ab54a104a040b589425716d309d) Importer(815301076,1909f56bfc062723c751e8b465ee728b)
Start importing Assets/Effects/Abilities/Grenade/VFX_AbilityGrenadeExplosion.vfx using Guid(ac927ab54a104a040b589425716d309d) Importer(815301076,1909f56bfc062723c751e8b465ee728b)  -> (artifact id: '32b9f65b82c05468f5e96b45167081bb') in 0.016523 seconds
  Import took 0.023323 seconds .

========================================================================
Received Import Request.
  Time since last request: 1.806814 seconds.
  path: Assets/Effects/Abilities/Grenade/VFX_AbilityGrenadeExplosion.vfx
  artifactKey: Guid(ac927ab54a104a040b589425716d309d) Importer(815301076,1909f56bfc062723c751e8b465ee728b)
Start importing Assets/Effects/Abilities/Grenade/VFX_AbilityGrenadeExplosion.vfx using Guid(ac927ab54a104a040b589425716d309d) Importer(815301076,1909f56bfc062723c751e8b465ee728b)  -> (artifact id: 'c4dcc165cf4c19fb511eac3ccc9ce4eb') in 0.004891 seconds
  Import took 0.011383 seconds .

========================================================================
Received Prepare
Registering precompiled user dll's ...
Registered in 0.004306 seconds.
Begin MonoManager ReloadAssembly
Native extension for WindowsStandalone target not found
Refreshing native plugins compatible for Editor in 1.07 ms, found 12 plugins.
Preloading 2 native plugins for Editor in 0.09 ms.
NullReferenceException: Object reference not set to an instance of an object
  at Unity.XR.Oculus.OculusLoader.AssetPathToAbsolutePath (System.String assetPath) [0x00048] in D:\Program Files\Unity Projects\NONSENSE\Library\PackageCache\com.unity.xr.oculus@1.9.0\Runtime\OculusLoader.cs:249 
  at Unity.XR.Oculus.OculusLoader.EditorLoadOVRPlugin () [0x0007b] in D:\Program Files\Unity Projects\NONSENSE\Library\PackageCache\com.unity.xr.oculus@1.9.0\Runtime\OculusLoader.cs:234 

(Filename: Library/PackageCache/com.unity.xr.oculus@1.9.0/Runtime/OculusLoader.cs Line: 249)

Mono: successfully reloaded assembly
- Completed reload, in  0.899 seconds
Platform modules already initialized, skipping
Shader 'Universal Render Pipeline/Particles/Lit': fallback shader 'Universal Render Pipeline/Particles/SimpleLit' not found
Refreshing native plugins compatible for Editor in 1.21 ms, found 12 plugins.
Preloading 2 native plugins for Editor in 0.08 ms.
Unloading 3929 Unused Serialized files (Serialized files now loaded: 0)
System memory in use before: 209.6 MB.
System memory in use after: 209.8 MB.

Unloading 10 unused Assets to reduce memory usage. Loaded Objects now: 4833.
Total: 3.669500 ms (FindLiveObjects: 0.465700 ms CreateObjectMapping: 0.117700 ms MarkObjects: 3.064800 ms  DeleteObjects: 0.020300 ms)

========================================================================
Received Prepare
Shader 'Universal Render Pipeline/Particles/Lit': fallback shader 'Universal Render Pipeline/Particles/SimpleLit' not found
Refreshing native plugins compatible for Editor in 1.97 ms, found 12 plugins.
Preloading 2 native plugins for Editor in 0.07 ms.
Unloading 7 Unused Serialized files (Serialized files now loaded: 0)
System memory in use before: 132.2 MB.
System memory in use after: 132.5 MB.

Unloading 6 unused Assets to reduce memory usage. Loaded Objects now: 4833.
Total: 3.337300 ms (FindLiveObjects: 0.416600 ms CreateObjectMapping: 0.103500 ms MarkObjects: 2.799600 ms  DeleteObjects: 0.016000 ms)

========================================================================
Received Import Request.
  Time since last request: 814.169397 seconds.
  path: Assets/Effects/Abilities/Grenade/VFX_AbilityGrenadeExplosion.vfx
  artifactKey: Guid(ac927ab54a104a040b589425716d309d) Importer(815301076,1909f56bfc062723c751e8b465ee728b)
Start importing Assets/Effects/Abilities/Grenade/VFX_AbilityGrenadeExplosion.vfx using Guid(ac927ab54a104a040b589425716d309d) Importer(815301076,1909f56bfc062723c751e8b465ee728b)  -> (artifact id: '10e44100af105474ad4bce0d71c5dc8b') in 0.162978 seconds
  Import took 0.170262 seconds .

========================================================================
Received Prepare
Registering precompiled user dll's ...
Registered in 0.005496 seconds.
Begin MonoManager ReloadAssembly
Native extension for WindowsStandalone target not found
Refreshing native plugins compatible for Editor in 1.16 ms, found 12 plugins.
Preloading 2 native plugins for Editor in 0.10 ms.
NullReferenceException: Object reference not set to an instance of an object
  at Unity.XR.Oculus.OculusLoader.AssetPathToAbsolutePath (System.String assetPath) [0x00048] in D:\Program Files\Unity Projects\NONSENSE\Library\PackageCache\com.unity.xr.oculus@1.9.0\Runtime\OculusLoader.cs:249 
  at Unity.XR.Oculus.OculusLoader.EditorLoadOVRPlugin () [0x0007b] in D:\Program Files\Unity Projects\NONSENSE\Library\PackageCache\com.unity.xr.oculus@1.9.0\Runtime\OculusLoader.cs:234 

(Filename: Library/PackageCache/com.unity.xr.oculus@1.9.0/Runtime/OculusLoader.cs Line: 249)

Mono: successfully reloaded assembly
- Completed reload, in  0.998 seconds
Platform modules already initialized, skipping
Shader 'Universal Render Pipeline/Particles/Lit': fallback shader 'Universal Render Pipeline/Particles/SimpleLit' not found
Refreshing native plugins compatible for Editor in 1.03 ms, found 12 plugins.
Preloading 2 native plugins for Editor in 0.08 ms.
Unloading 3929 Unused Serialized files (Serialized files now loaded: 0)
System memory in use before: 209.6 MB.
System memory in use after: 209.8 MB.

Unloading 10 unused Assets to reduce memory usage. Loaded Objects now: 4837.
Total: 3.261300 ms (FindLiveObjects: 0.465500 ms CreateObjectMapping: 0.103600 ms MarkObjects: 2.670300 ms  DeleteObjects: 0.020700 ms)

========================================================================
Received Prepare
Shader 'Universal Render Pipeline/Particles/Lit': fallback shader 'Universal Render Pipeline/Particles/SimpleLit' not found
Refreshing native plugins compatible for Editor in 1.93 ms, found 12 plugins.
Preloading 2 native plugins for Editor in 0.07 ms.
Unloading 7 Unused Serialized files (Serialized files now loaded: 0)
System memory in use before: 132.2 MB.
System memory in use after: 132.5 MB.

Unloading 6 unused Assets to reduce memory usage. Loaded Objects now: 4837.
Total: 2.937600 ms (FindLiveObjects: 0.423200 ms CreateObjectMapping: 0.117700 ms MarkObjects: 2.380100 ms  DeleteObjects: 0.015400 ms)

AssetImportWorkerClient::OnTransportError - code=2 error=End of file
